Arguments: 
  /Users/handipriyono/.nvm/versions/node/v14.17.4/bin/node /Users/handipriyono/.yarn/bin/yarn.js add standart-version -D

PATH: 
  /Users/handipriyono/.yarn/bin:/Users/handipriyono/.config/yarn/global/node_modules/.bin:/Users/handipriyono/.nvm/versions/node/v14.17.4/bin:/Users/handipriyono/.rbenv/bin:/usr/local/bin:/usr/bin:/bin:/usr/sbin:/sbin:/Library/Apple/usr/bin:/Users/handipriyono/Library/Android/sdk/emulator:/Users/handipriyono/Library/Android/sdk/tools:/Users/handipriyono/Library/Android/sdk/tools/bin:/Users/handipriyono/Library/Android/sdk/platform-tools

Yarn version: 
  1.22.19

Node version: 
  14.17.4

Platform: 
  darwin x64

Trace: 
  Error: https://registry.yarnpkg.com/standart-version: Not found
      at Request.params.callback [as _callback] (/Users/handipriyono/.yarn/lib/cli.js:66145:18)
      at Request.self.callback (/Users/handipriyono/.yarn/lib/cli.js:140890:22)
      at Request.emit (events.js:400:28)
      at Request.<anonymous> (/Users/handipriyono/.yarn/lib/cli.js:141862:10)
      at Request.emit (events.js:400:28)
      at IncomingMessage.<anonymous> (/Users/handipriyono/.yarn/lib/cli.js:141784:12)
      at Object.onceWrapper (events.js:519:28)
      at IncomingMessage.emit (events.js:412:35)
      at endReadableNT (internal/streams/readable.js:1317:12)
      at processTicksAndRejections (internal/process/task_queues.js:82:21)

npm manifest: 
  {
      "name": "@handidev/react-native-boilerplate",
      "version": "0.0.7",
      "keywords": [
          "react",
          "native",
          "boilerplate",
          "rn-boilerplate",
          "handidev",
          "react-native",
          "starter-kit",
          "react-native-redux-toolkit",
          "react-native-navigation"
      ],
      "scripts": {
          "release": "standard-version"
      },
      "description": "React Native Boilerplate Template",
      "repository": "https://github.com/handi-dev/react-native-boilerplate",
      "author": "Handi Priyono <contact@handi.dev>",
      "license": "MIT"
  }

yarn manifest: 
  No manifest

Lockfile: 
  # THIS IS AN AUTOGENERATED FILE. DO NOT EDIT THIS FILE DIRECTLY.
  # yarn lockfile v1
